Daily activity on Thu Mar 27 16:04:13 UTC 2025
Daily activity on Thu Mar 27 20:53:29 UTC 2025
Daily activity on Thu Mar 27 20:55:16 UTC 2025
Daily activity on Fri Mar 28 06:28:09 UTC 2025
Daily activity on Sat Mar 29 06:26:04 UTC 2025
Daily activity on Sun Mar 30 06:26:35 UTC 2025
Daily activity on Mon Mar 31 06:29:32 UTC 2025
Daily activity on Tue Apr  1 06:29:46 UTC 2025
Daily activity on Wed Apr  2 06:28:39 UTC 2025
Daily activity on Thu Apr  3 06:29:00 UTC 2025
Daily activity on Fri Apr  4 06:28:26 UTC 2025
Daily activity on Sat Apr  5 06:26:10 UTC 2025
Daily activity on Sun Apr  6 06:26:58 UTC 2025
Daily activity on Mon Apr  7 06:29:23 UTC 2025
Daily activity on Tue Apr  8 06:29:27 UTC 2025
Daily activity on Wed Apr  9 06:29:28 UTC 2025
Daily activity on Thu Apr 10 06:29:06 UTC 2025
Daily activity on Fri Apr 11 06:28:52 UTC 2025
Daily activity on Sat Apr 12 06:26:02 UTC 2025
Daily activity on Sun Apr 13 06:26:59 UTC 2025
Daily activity on Mon Apr 14 06:30:43 UTC 2025
Daily activity on Tue Apr 15 06:29:06 UTC 2025
Daily activity on Wed Apr 16 06:29:08 UTC 2025
